 Mulai Proses ------------------------------ 2023-08-24 13:47:48
Proses Selesai ..........................2023-08-24 13:47:48
 Mulai Proses ------------------------------ 2023-08-24 13:49:17
Proses Selesai ..........................2023-08-24 13:49:17
 Mulai Proses ------------------------------ 2023-08-24 13:53:13
Array
(
    [msgtyp] => S
    [message] => Success
    [rsno] => RS1000000000903042
)
Proses Selesai ..........................2023-08-24 13:53:14
 Mulai Proses ------------------------------ 2023-08-24 14:59:21
 Mulai Proses ------------------------------ 2023-08-24 15:01:00
Array
(
    [msgtyp] => S
    [message] => Success
    [rsno] => RS1000000000903045
)
Proses Selesai ..........................2023-08-24 15:01:00
